2017/10/25 15:45:21 [error] [exception.CDbException] CDbException: CDbConnection failed to open the DB connection: SQLSTATE[HY000] [1045] Access denied for user 'root'@'localhost' (using password: NO) in /var/www/html/library-school_yii/framework/db/CDbConnection.php:382
Stack trace:
#0 /var/www/html/library-school_yii/framework/db/CDbConnection.php(330): CDbConnection->open()
#1 /var/www/html/library-school_yii/framework/db/CDbConnection.php(308): CDbConnection->setActive(true)
#2 /var/www/html/library-school_yii/framework/base/CModule.php(387): CDbConnection->init()
#3 /var/www/html/library-school_yii/framework/web/auth/CDbAuthManager.php(589): CModule->getComponent('db')
#4 /var/www/html/library-school_yii/framework/web/auth/CDbAuthManager.php(59): CDbAuthManager->getDbConnection()
#5 /var/www/html/library-school_yii/framework/base/CModule.php(387): CDbAuthManager->init()
#6 /var/www/html/library-school_yii/framework/web/CWebApplication.php(185): CModule->getComponent('authManager')
#7 /var/www/html/library-school_yii/framework/web/auth/CWebUser.php(815): CWebApplication->getAuthManager()
#8 /var/www/html/library-school_yii/protected/modules/rights/components/RWebUser.php(43): CWebUser->checkAccess('Admin', Array, true)
#9 /var/www/html/library-school_yii/protected/components/MyWebUser.php(7): RWebUser->checkAccess('Admin')
#10 /var/www/html/library-school_yii/protected/components/MyWebUser.php(12): MyWebUser->isSuAdmin()
#11 /var/www/html/library-school_yii/protected/controllers/SiteController.php(32): MyWebUser->isLogin()
#12 /var/www/html/library-school_yii/framework/web/actions/CInlineAction.php(49): SiteController->actionIndex()
#13 /var/www/html/library-school_yii/framework/web/CController.php(308): CInlineAction->runWithParams(Array)
#14 /var/www/html/library-school_yii/framework/web/CController.php(286): CController->runAction(Object(CInlineAction))
#15 /var/www/html/library-school_yii/framework/web/CController.php(265): CController->runActionWithFilters(Object(CInlineAction), Array)
#16 /var/www/html/library-school_yii/framework/web/CWebApplication.php(282): CController->run('')
#17 /var/www/html/library-school_yii/framework/web/CWebApplication.php(141): CWebApplication->runController('')
#18 /var/www/html/library-school_yii/framework/base/CApplication.php(180): CWebApplication->processRequest()
#19 /var/www/html/library-school_yii/index.php(13): CApplication->run()
#20 {main}
REQUEST_URI=/library-school_yii/
---
2017/10/25 15:49:23 [error] [exception.CHttpException.404] CHttpException: Unable to resolve the request "themes/flat/css/plugins/datetimepicker/bootstrap-datetimepicker.css". in /var/www/html/library-school_yii/framework/web/CWebApplication.php:286
Stack trace:
#0 /var/www/html/library-school_yii/framework/web/CWebApplication.php(141): CWebApplication->runController('themes/flat/css...')
#1 /var/www/html/library-school_yii/framework/base/CApplication.php(180): CWebApplication->processRequest()
#2 /var/www/html/library-school_yii/index.php(13): CApplication->run()
#3 {main}
REQUEST_URI=/library-school_yii/themes/flat/css/plugins/datetimepicker/bootstrap-datetimepicker.css
HTTP_REFERER=http://localhost/library-school_yii/dashboard
---
2017/10/25 15:49:23 [error] [exception.CHttpException.404] CHttpException: Unable to resolve the request "themes/flat/js/plugins/datetimepicker/bootstrap-datetimepicker.js". in /var/www/html/library-school_yii/framework/web/CWebApplication.php:286
Stack trace:
#0 /var/www/html/library-school_yii/framework/web/CWebApplication.php(141): CWebApplication->runController('themes/flat/js/...')
#1 /var/www/html/library-school_yii/framework/base/CApplication.php(180): CWebApplication->processRequest()
#2 /var/www/html/library-school_yii/index.php(13): CApplication->run()
#3 {main}
REQUEST_URI=/library-school_yii/themes/flat/js/plugins/datetimepicker/bootstrap-datetimepicker.js
HTTP_REFERER=http://localhost/library-school_yii/dashboard
---
2017/10/25 15:49:23 [error] [exception.CHttpException.404] CHttpException: Unable to resolve the request "themes/flat/js/plugins/datetimepicker/bootstrap-datetimepicker.js". in /var/www/html/library-school_yii/framework/web/CWebApplication.php:286
Stack trace:
#0 /var/www/html/library-school_yii/framework/web/CWebApplication.php(141): CWebApplication->runController('themes/flat/js/...')
#1 /var/www/html/library-school_yii/framework/base/CApplication.php(180): CWebApplication->processRequest()
#2 /var/www/html/library-school_yii/index.php(13): CApplication->run()
#3 {main}
REQUEST_URI=/library-school_yii/themes/flat/js/plugins/datetimepicker/bootstrap-datetimepicker.js
HTTP_REFERER=http://localhost/library-school_yii/dashboard
---
